17:21:09.357 [main] WARN  org.hibernate.orm.connections.pooling - HHH10001002: Using built-in connection pool (not intended for production use)
17:21:09.615 [main] WARN  org.hibernate.orm.deprecation - HHH90000025: PostgreSQLDialect does not need to be specified explicitly using 'hibernate.dialect' (remove the property setting and it will be selected by default)
17:21:09.648 [main] DEBUG org.hibernate.type.descriptor.sql.spi.DdlTypeRegistry - addDescriptor(2003, org.hibernate.type.descriptor.sql.internal.ArrayDdlTypeImpl@1286528d) replaced previous registration(org.hibernate.type.descriptor.sql.internal.ArrayDdlTypeImpl@3cc20577)
17:21:09.649 [main] DEBUG org.hibernate.type.descriptor.sql.spi.DdlTypeRegistry - addDescriptor(6, org.hibernate.type.descriptor.sql.internal.CapacityDependentDdlType@33a630fa) replaced previous registration(org.hibernate.type.descriptor.sql.internal.DdlTypeImpl@775594f2)
17:21:11.045 [main] DEBUG org.hibernate.SQL - 
    /* 
FROM
    User */ select
        u1_0.id,
        u1_0.age,
        u1_0.created_at,
        u1_0.email,
        u1_0.name 
    from
        users u1_0
21:42:42.357 [main] WARN  org.hibernate.orm.connections.pooling - HHH10001002: Using built-in connection pool (not intended for production use)
21:42:42.609 [main] WARN  org.hibernate.orm.deprecation - HHH90000025: PostgreSQLDialect does not need to be specified explicitly using 'hibernate.dialect' (remove the property setting and it will be selected by default)
21:42:42.646 [main] DEBUG org.hibernate.type.descriptor.sql.spi.DdlTypeRegistry - addDescriptor(2003, org.hibernate.type.descriptor.sql.internal.ArrayDdlTypeImpl@6f9ab79d) replaced previous registration(org.hibernate.type.descriptor.sql.internal.ArrayDdlTypeImpl@64ae105d)
21:42:42.646 [main] DEBUG org.hibernate.type.descriptor.sql.spi.DdlTypeRegistry - addDescriptor(6, org.hibernate.type.descriptor.sql.internal.CapacityDependentDdlType@10a18e3e) replaced previous registration(org.hibernate.type.descriptor.sql.internal.DdlTypeImpl@69364b2d)
21:42:43.761 [main] DEBUG org.hibernate.SQL - 
    /* insert for
        com.github.BlackThornLabs.model.User */insert 
    into
        users (age, created_at, email, name) 
    values
        (?, ?, ?, ?)
21:42:43.765 [main] TRACE org.hibernate.orm.jdbc.bind - binding parameter (1:INTEGER) <- [57]
21:42:43.765 [main] TRACE org.hibernate.orm.jdbc.bind - binding parameter (2:TIMESTAMP) <- [2025-08-17T21:42:41.856359500]
21:42:43.766 [main] TRACE org.hibernate.orm.jdbc.bind - binding parameter (3:VARCHAR) <- [doom@guy.com]
21:42:43.766 [main] TRACE org.hibernate.orm.jdbc.bind - binding parameter (4:VARCHAR) <- [Alfonso John Romero]
21:42:43.819 [main] DEBUG org.hibernate.SQL - 
    select
        u1_0.id,
        u1_0.age,
        u1_0.created_at,
        u1_0.email,
        u1_0.name 
    from
        users u1_0 
    where
        u1_0.id=?
21:42:43.820 [main] TRACE org.hibernate.orm.jdbc.bind - binding parameter (1:BIGINT) <- [13]
21:42:43.834 [main] DEBUG org.hibernate.SQL - 
    /* update
        for com.github.BlackThornLabs.model.User */update users 
    set
        age=?,
        created_at=?,
        email=?,
        name=? 
    where
        id=?
21:42:43.835 [main] TRACE org.hibernate.orm.jdbc.bind - binding parameter (1:INTEGER) <- [57]
21:42:43.835 [main] TRACE org.hibernate.orm.jdbc.bind - binding parameter (2:TIMESTAMP) <- [2025-08-17T21:42:41.856359500]
21:42:43.835 [main] TRACE org.hibernate.orm.jdbc.bind - binding parameter (3:VARCHAR) <- [doom@guy.com]
21:42:43.835 [main] TRACE org.hibernate.orm.jdbc.bind - binding parameter (4:VARCHAR) <- [John Romero]
21:42:43.835 [main] TRACE org.hibernate.orm.jdbc.bind - binding parameter (5:BIGINT) <- [13]
21:42:43.840 [main] DEBUG org.hibernate.SQL - 
    select
        u1_0.id,
        u1_0.age,
        u1_0.created_at,
        u1_0.email,
        u1_0.name 
    from
        users u1_0 
    where
        u1_0.id=?
21:42:43.841 [main] TRACE org.hibernate.orm.jdbc.bind - binding parameter (1:BIGINT) <- [13]
21:42:43.892 [main] DEBUG org.hibernate.SQL - 
    /* insert for
        com.github.BlackThornLabs.model.User */insert 
    into
        users (age, created_at, email, name) 
    values
        (?, ?, ?, ?)
21:42:43.893 [main] TRACE org.hibernate.orm.jdbc.bind - binding parameter (1:INTEGER) <- [70]
21:42:43.893 [main] TRACE org.hibernate.orm.jdbc.bind - binding parameter (2:TIMESTAMP) <- [2025-08-17T21:42:43.892271100]
21:42:43.893 [main] TRACE org.hibernate.orm.jdbc.bind - binding parameter (3:VARCHAR) <- [java@rules.com]
21:42:43.893 [main] TRACE org.hibernate.orm.jdbc.bind - binding parameter (4:VARCHAR) <- [James Gosling]
21:42:43.895 [main] DEBUG org.hibernate.SQL - 
    select
        u1_0.id,
        u1_0.age,
        u1_0.created_at,
        u1_0.email,
        u1_0.name 
    from
        users u1_0 
    where
        u1_0.id=?
21:42:43.895 [main] TRACE org.hibernate.orm.jdbc.bind - binding parameter (1:BIGINT) <- [14]
21:42:43.899 [main] DEBUG org.hibernate.SQL - 
    /* insert for
        com.github.BlackThornLabs.model.User */insert 
    into
        users (age, created_at, email, name) 
    values
        (?, ?, ?, ?)
21:42:43.899 [main] TRACE org.hibernate.orm.jdbc.bind - binding parameter (1:INTEGER) <- [20]
21:42:43.899 [main] TRACE org.hibernate.orm.jdbc.bind - binding parameter (2:TIMESTAMP) <- [2025-08-17T21:42:43.898890100]
21:42:43.899 [main] TRACE org.hibernate.orm.jdbc.bind - binding parameter (3:VARCHAR) <- [user1@example.com]
21:42:43.899 [main] TRACE org.hibernate.orm.jdbc.bind - binding parameter (4:VARCHAR) <- [User1]
21:42:43.902 [main] DEBUG org.hibernate.SQL - 
    /* insert for
        com.github.BlackThornLabs.model.User */insert 
    into
        users (age, created_at, email, name) 
    values
        (?, ?, ?, ?)
21:42:43.902 [main] TRACE org.hibernate.orm.jdbc.bind - binding parameter (1:INTEGER) <- [30]
21:42:43.902 [main] TRACE org.hibernate.orm.jdbc.bind - binding parameter (2:TIMESTAMP) <- [2025-08-17T21:42:43.901880700]
21:42:43.902 [main] TRACE org.hibernate.orm.jdbc.bind - binding parameter (3:VARCHAR) <- [user2@example.com]
21:42:43.902 [main] TRACE org.hibernate.orm.jdbc.bind - binding parameter (4:VARCHAR) <- [User2]
21:42:44.109 [main] DEBUG org.hibernate.SQL - 
    /* 
FROM
    User */ select
        u1_0.id,
        u1_0.age,
        u1_0.created_at,
        u1_0.email,
        u1_0.name 
    from
        users u1_0
21:42:44.145 [main] DEBUG org.hibernate.SQL - 
    /* insert for
        com.github.BlackThornLabs.model.User */insert 
    into
        users (age, created_at, email, name) 
    values
        (?, ?, ?, ?)
21:42:44.146 [main] TRACE org.hibernate.orm.jdbc.bind - binding parameter (1:INTEGER) <- [35]
21:42:44.146 [main] TRACE org.hibernate.orm.jdbc.bind - binding parameter (2:TIMESTAMP) <- [2025-08-17T21:42:44.145181800]
21:42:44.146 [main] TRACE org.hibernate.orm.jdbc.bind - binding parameter (3:VARCHAR) <- [ada@forever.com]
21:42:44.146 [main] TRACE org.hibernate.orm.jdbc.bind - binding parameter (4:VARCHAR) <- [Ada Lovelace]
21:42:44.149 [main] DEBUG org.hibernate.SQL - 
    select
        u1_0.id,
        u1_0.age,
        u1_0.created_at,
        u1_0.email,
        u1_0.name 
    from
        users u1_0 
    where
        u1_0.id=?
21:42:44.149 [main] TRACE org.hibernate.orm.jdbc.bind - binding parameter (1:BIGINT) <- [17]
21:42:44.155 [main] DEBUG org.hibernate.SQL - 
    /* delete for com.github.BlackThornLabs.model.User */delete 
    from
        users 
    where
        id=?
21:42:44.155 [main] TRACE org.hibernate.orm.jdbc.bind - binding parameter (1:BIGINT) <- [17]
21:42:44.159 [main] DEBUG org.hibernate.SQL - 
    select
        u1_0.id,
        u1_0.age,
        u1_0.created_at,
        u1_0.email,
        u1_0.name 
    from
        users u1_0 
    where
        u1_0.id=?
21:42:44.159 [main] TRACE org.hibernate.orm.jdbc.bind - binding parameter (1:BIGINT) <- [17]
22:14:48.471 [main] WARN  org.hibernate.orm.connections.pooling - HHH10001002: Using built-in connection pool (not intended for production use)
22:14:48.723 [main] WARN  org.hibernate.orm.deprecation - HHH90000025: PostgreSQLDialect does not need to be specified explicitly using 'hibernate.dialect' (remove the property setting and it will be selected by default)
22:14:48.756 [main] DEBUG org.hibernate.type.descriptor.sql.spi.DdlTypeRegistry - addDescriptor(2003, org.hibernate.type.descriptor.sql.internal.ArrayDdlTypeImpl@631c6d11) replaced previous registration(org.hibernate.type.descriptor.sql.internal.ArrayDdlTypeImpl@65be88ae)
22:14:48.757 [main] DEBUG org.hibernate.type.descriptor.sql.spi.DdlTypeRegistry - addDescriptor(6, org.hibernate.type.descriptor.sql.internal.CapacityDependentDdlType@62ade015) replaced previous registration(org.hibernate.type.descriptor.sql.internal.DdlTypeImpl@70ede57d)
22:14:49.848 [main] DEBUG org.hibernate.SQL - 
    /* insert for
        com.github.BlackThornLabs.model.User */insert 
    into
        users (age, created_at, email, name) 
    values
        (?, ?, ?, ?)
22:14:49.850 [main] TRACE org.hibernate.orm.jdbc.bind - binding parameter (1:INTEGER) <- [57]
22:14:49.850 [main] TRACE org.hibernate.orm.jdbc.bind - binding parameter (2:TIMESTAMP) <- [2025-08-17T22:14:48.035180800]
22:14:49.851 [main] TRACE org.hibernate.orm.jdbc.bind - binding parameter (3:VARCHAR) <- [doom@guy.com]
22:14:49.851 [main] TRACE org.hibernate.orm.jdbc.bind - binding parameter (4:VARCHAR) <- [Alfonso John Romero]
22:14:49.863 [main] WARN  org.hibernate.engine.jdbc.spi.SqlExceptionHelper - SQL Error: 0, SQLState: 23505
22:14:49.863 [main] ERROR org.hibernate.engine.jdbc.spi.SqlExceptionHelper - ERROR: duplicate key value violates unique constraint "uk6dotkott2kjsp8vw4d0m25fb7"
  Detail: Key (email)=(doom@guy.com) already exists.
22:14:49.884 [main] DEBUG org.hibernate.SQL - 
    /* insert for
        com.github.BlackThornLabs.model.User */insert 
    into
        users (age, created_at, email, name) 
    values
        (?, ?, ?, ?)
22:14:49.884 [main] TRACE org.hibernate.orm.jdbc.bind - binding parameter (1:INTEGER) <- [70]
22:14:49.884 [main] TRACE org.hibernate.orm.jdbc.bind - binding parameter (2:TIMESTAMP) <- [2025-08-17T22:14:49.883726800]
22:14:49.884 [main] TRACE org.hibernate.orm.jdbc.bind - binding parameter (3:VARCHAR) <- [java@rules.com]
22:14:49.884 [main] TRACE org.hibernate.orm.jdbc.bind - binding parameter (4:VARCHAR) <- [James Gosling]
22:14:49.886 [main] WARN  org.hibernate.engine.jdbc.spi.SqlExceptionHelper - SQL Error: 0, SQLState: 23505
22:14:49.886 [main] ERROR org.hibernate.engine.jdbc.spi.SqlExceptionHelper - ERROR: duplicate key value violates unique constraint "uk6dotkott2kjsp8vw4d0m25fb7"
  Detail: Key (email)=(java@rules.com) already exists.
22:14:49.890 [main] DEBUG org.hibernate.SQL - 
    /* insert for
        com.github.BlackThornLabs.model.User */insert 
    into
        users (age, created_at, email, name) 
    values
        (?, ?, ?, ?)
22:14:49.890 [main] TRACE org.hibernate.orm.jdbc.bind - binding parameter (1:INTEGER) <- [20]
22:14:49.891 [main] TRACE org.hibernate.orm.jdbc.bind - binding parameter (2:TIMESTAMP) <- [2025-08-17T22:14:49.890719300]
22:14:49.891 [main] TRACE org.hibernate.orm.jdbc.bind - binding parameter (3:VARCHAR) <- [user1@example.com]
22:14:49.891 [main] TRACE org.hibernate.orm.jdbc.bind - binding parameter (4:VARCHAR) <- [User1]
22:14:49.892 [main] WARN  org.hibernate.engine.jdbc.spi.SqlExceptionHelper - SQL Error: 0, SQLState: 23505
22:14:49.892 [main] ERROR org.hibernate.engine.jdbc.spi.SqlExceptionHelper - ERROR: duplicate key value violates unique constraint "uk6dotkott2kjsp8vw4d0m25fb7"
  Detail: Key (email)=(user1@example.com) already exists.
22:14:49.895 [main] DEBUG org.hibernate.SQL - 
    /* insert for
        com.github.BlackThornLabs.model.User */insert 
    into
        users (age, created_at, email, name) 
    values
        (?, ?, ?, ?)
22:14:49.896 [main] TRACE org.hibernate.orm.jdbc.bind - binding parameter (1:INTEGER) <- [35]
22:14:49.896 [main] TRACE org.hibernate.orm.jdbc.bind - binding parameter (2:TIMESTAMP) <- [2025-08-17T22:14:49.895702]
22:14:49.896 [main] TRACE org.hibernate.orm.jdbc.bind - binding parameter (3:VARCHAR) <- [ada@forever.com]
22:14:49.896 [main] TRACE org.hibernate.orm.jdbc.bind - binding parameter (4:VARCHAR) <- [Ada Lovelace]
22:14:49.938 [main] DEBUG org.hibernate.SQL - 
    select
        u1_0.id,
        u1_0.age,
        u1_0.created_at,
        u1_0.email,
        u1_0.name 
    from
        users u1_0 
    where
        u1_0.id=?
22:14:49.939 [main] TRACE org.hibernate.orm.jdbc.bind - binding parameter (1:BIGINT) <- [21]
22:14:49.954 [main] DEBUG org.hibernate.SQL - 
    /* delete for com.github.BlackThornLabs.model.User */delete 
    from
        users 
    where
        id=?
22:14:49.955 [main] TRACE org.hibernate.orm.jdbc.bind - binding parameter (1:BIGINT) <- [21]
22:14:49.957 [main] DEBUG org.hibernate.SQL - 
    select
        u1_0.id,
        u1_0.age,
        u1_0.created_at,
        u1_0.email,
        u1_0.name 
    from
        users u1_0 
    where
        u1_0.id=?
22:14:49.957 [main] TRACE org.hibernate.orm.jdbc.bind - binding parameter (1:BIGINT) <- [21]
22:24:19.699 [main] WARN  org.hibernate.orm.connections.pooling - HHH10001002: Using built-in connection pool (not intended for production use)
22:24:19.955 [main] WARN  org.hibernate.orm.deprecation - HHH90000025: PostgreSQLDialect does not need to be specified explicitly using 'hibernate.dialect' (remove the property setting and it will be selected by default)
22:24:19.991 [main] DEBUG org.hibernate.type.descriptor.sql.spi.DdlTypeRegistry - addDescriptor(2003, org.hibernate.type.descriptor.sql.internal.ArrayDdlTypeImpl@5460edd3) replaced previous registration(org.hibernate.type.descriptor.sql.internal.ArrayDdlTypeImpl@5dbbb292)
22:24:19.991 [main] DEBUG org.hibernate.type.descriptor.sql.spi.DdlTypeRegistry - addDescriptor(6, org.hibernate.type.descriptor.sql.internal.CapacityDependentDdlType@613f7eb7) replaced previous registration(org.hibernate.type.descriptor.sql.internal.DdlTypeImpl@565aa4ac)
22:24:21.064 [main] DEBUG org.hibernate.SQL - 
    /* insert for
        com.github.BlackThornLabs.model.User */insert 
    into
        users (age, created_at, email, name) 
    values
        (?, ?, ?, ?)
22:24:21.067 [main] TRACE org.hibernate.orm.jdbc.bind - binding parameter (1:INTEGER) <- [57]
22:24:21.067 [main] TRACE org.hibernate.orm.jdbc.bind - binding parameter (2:TIMESTAMP) <- [2025-08-17T22:24:19.250442400]
22:24:21.067 [main] TRACE org.hibernate.orm.jdbc.bind - binding parameter (3:VARCHAR) <- [doom@guy.com]
22:24:21.068 [main] TRACE org.hibernate.orm.jdbc.bind - binding parameter (4:VARCHAR) <- [Alfonso John Romero]
22:24:21.076 [main] WARN  org.hibernate.engine.jdbc.spi.SqlExceptionHelper - SQL Error: 0, SQLState: 23505
22:24:21.076 [main] ERROR org.hibernate.engine.jdbc.spi.SqlExceptionHelper - ERROR: duplicate key value violates unique constraint "uk6dotkott2kjsp8vw4d0m25fb7"
  Detail: Key (email)=(doom@guy.com) already exists.
22:24:21.104 [main] DEBUG org.hibernate.SQL - 
    /* insert for
        com.github.BlackThornLabs.model.User */insert 
    into
        users (age, created_at, email, name) 
    values
        (?, ?, ?, ?)
22:24:21.104 [main] TRACE org.hibernate.orm.jdbc.bind - binding parameter (1:INTEGER) <- [70]
22:24:21.104 [main] TRACE org.hibernate.orm.jdbc.bind - binding parameter (2:TIMESTAMP) <- [2025-08-17T22:24:21.103831300]
22:24:21.105 [main] TRACE org.hibernate.orm.jdbc.bind - binding parameter (3:VARCHAR) <- [java@rules.com]
22:24:21.105 [main] TRACE org.hibernate.orm.jdbc.bind - binding parameter (4:VARCHAR) <- [James Gosling]
22:24:21.106 [main] WARN  org.hibernate.engine.jdbc.spi.SqlExceptionHelper - SQL Error: 0, SQLState: 23505
22:24:21.106 [main] ERROR org.hibernate.engine.jdbc.spi.SqlExceptionHelper - ERROR: duplicate key value violates unique constraint "uk6dotkott2kjsp8vw4d0m25fb7"
  Detail: Key (email)=(java@rules.com) already exists.
22:24:21.112 [main] DEBUG org.hibernate.SQL - 
    /* insert for
        com.github.BlackThornLabs.model.User */insert 
    into
        users (age, created_at, email, name) 
    values
        (?, ?, ?, ?)
22:24:21.113 [main] TRACE org.hibernate.orm.jdbc.bind - binding parameter (1:INTEGER) <- [20]
22:24:21.113 [main] TRACE org.hibernate.orm.jdbc.bind - binding parameter (2:TIMESTAMP) <- [2025-08-17T22:24:21.112439500]
22:24:21.113 [main] TRACE org.hibernate.orm.jdbc.bind - binding parameter (3:VARCHAR) <- [user1@example.com]
22:24:21.113 [main] TRACE org.hibernate.orm.jdbc.bind - binding parameter (4:VARCHAR) <- [User1]
22:24:21.115 [main] WARN  org.hibernate.engine.jdbc.spi.SqlExceptionHelper - SQL Error: 0, SQLState: 23505
22:24:21.115 [main] ERROR org.hibernate.engine.jdbc.spi.SqlExceptionHelper - ERROR: duplicate key value violates unique constraint "uk6dotkott2kjsp8vw4d0m25fb7"
  Detail: Key (email)=(user1@example.com) already exists.
22:24:21.121 [main] DEBUG org.hibernate.SQL - 
    /* insert for
        com.github.BlackThornLabs.model.User */insert 
    into
        users (age, created_at, email, name) 
    values
        (?, ?, ?, ?)
22:24:21.121 [main] TRACE org.hibernate.orm.jdbc.bind - binding parameter (1:INTEGER) <- [35]
22:24:21.121 [main] TRACE org.hibernate.orm.jdbc.bind - binding parameter (2:TIMESTAMP) <- [2025-08-17T22:24:21.120445400]
22:24:21.122 [main] TRACE org.hibernate.orm.jdbc.bind - binding parameter (3:VARCHAR) <- [ada@forever.com]
22:24:21.122 [main] TRACE org.hibernate.orm.jdbc.bind - binding parameter (4:VARCHAR) <- [Ada Lovelace]
22:24:21.165 [main] DEBUG org.hibernate.SQL - 
    select
        u1_0.id,
        u1_0.age,
        u1_0.created_at,
        u1_0.email,
        u1_0.name 
    from
        users u1_0 
    where
        u1_0.id=?
22:24:21.165 [main] TRACE org.hibernate.orm.jdbc.bind - binding parameter (1:BIGINT) <- [25]
22:24:21.180 [main] DEBUG org.hibernate.SQL - 
    /* delete for com.github.BlackThornLabs.model.User */delete 
    from
        users 
    where
        id=?
22:24:21.181 [main] TRACE org.hibernate.orm.jdbc.bind - binding parameter (1:BIGINT) <- [25]
22:24:21.184 [main] DEBUG org.hibernate.SQL - 
    select
        u1_0.id,
        u1_0.age,
        u1_0.created_at,
        u1_0.email,
        u1_0.name 
    from
        users u1_0 
    where
        u1_0.id=?
22:24:21.184 [main] TRACE org.hibernate.orm.jdbc.bind - binding parameter (1:BIGINT) <- [25]
22:26:02.275 [main] WARN  org.hibernate.orm.connections.pooling - HHH10001002: Using built-in connection pool (not intended for production use)
22:26:02.630 [main] WARN  org.hibernate.orm.deprecation - HHH90000025: PostgreSQLDialect does not need to be specified explicitly using 'hibernate.dialect' (remove the property setting and it will be selected by default)
22:26:02.657 [main] DEBUG org.hibernate.type.descriptor.sql.spi.DdlTypeRegistry - addDescriptor(2003, org.hibernate.type.descriptor.sql.internal.ArrayDdlTypeImpl@73d3e555) replaced previous registration(org.hibernate.type.descriptor.sql.internal.ArrayDdlTypeImpl@2b037cfc)
22:26:02.657 [main] DEBUG org.hibernate.type.descriptor.sql.spi.DdlTypeRegistry - addDescriptor(6, org.hibernate.type.descriptor.sql.internal.CapacityDependentDdlType@44924587) replaced previous registration(org.hibernate.type.descriptor.sql.internal.DdlTypeImpl@18460128)
22:27:22.225 [main] WARN  org.hibernate.orm.connections.pooling - HHH10001002: Using built-in connection pool (not intended for production use)
22:27:22.588 [main] WARN  org.hibernate.orm.deprecation - HHH90000025: PostgreSQLDialect does not need to be specified explicitly using 'hibernate.dialect' (remove the property setting and it will be selected by default)
22:27:22.620 [main] DEBUG org.hibernate.type.descriptor.sql.spi.DdlTypeRegistry - addDescriptor(2003, org.hibernate.type.descriptor.sql.internal.ArrayDdlTypeImpl@6467ddc7) replaced previous registration(org.hibernate.type.descriptor.sql.internal.ArrayDdlTypeImpl@27b337bb)
22:27:22.620 [main] DEBUG org.hibernate.type.descriptor.sql.spi.DdlTypeRegistry - addDescriptor(6, org.hibernate.type.descriptor.sql.internal.CapacityDependentDdlType@59636c47) replaced previous registration(org.hibernate.type.descriptor.sql.internal.DdlTypeImpl@5c18d6d4)
22:27:23.757 [main] DEBUG org.hibernate.SQL - 
    /* insert for
        com.github.BlackThornLabs.model.User */insert 
    into
        users (age, created_at, email, name) 
    values
        (?, ?, ?, ?)
22:27:23.760 [main] TRACE org.hibernate.orm.jdbc.bind - binding parameter (1:INTEGER) <- [57]
22:27:23.760 [main] TRACE org.hibernate.orm.jdbc.bind - binding parameter (2:TIMESTAMP) <- [2025-08-17T22:27:21.813163800]
22:27:23.761 [main] TRACE org.hibernate.orm.jdbc.bind - binding parameter (3:VARCHAR) <- [doom@guy.com]
22:27:23.761 [main] TRACE org.hibernate.orm.jdbc.bind - binding parameter (4:VARCHAR) <- [Alfonso John Romero]
22:27:23.768 [main] WARN  org.hibernate.engine.jdbc.spi.SqlExceptionHelper - SQL Error: 0, SQLState: 23505
22:27:23.768 [main] ERROR org.hibernate.engine.jdbc.spi.SqlExceptionHelper - ERROR: duplicate key value violates unique constraint "uk6dotkott2kjsp8vw4d0m25fb7"
  Detail: Key (email)=(doom@guy.com) already exists.
22:27:23.790 [main] DEBUG org.hibernate.SQL - 
    /* insert for
        com.github.BlackThornLabs.model.User */insert 
    into
        users (age, created_at, email, name) 
    values
        (?, ?, ?, ?)
22:27:23.790 [main] TRACE org.hibernate.orm.jdbc.bind - binding parameter (1:INTEGER) <- [70]
22:27:23.791 [main] TRACE org.hibernate.orm.jdbc.bind - binding parameter (2:TIMESTAMP) <- [2025-08-17T22:27:23.790769600]
22:27:23.791 [main] TRACE org.hibernate.orm.jdbc.bind - binding parameter (3:VARCHAR) <- [java@rules.com]
22:27:23.791 [main] TRACE org.hibernate.orm.jdbc.bind - binding parameter (4:VARCHAR) <- [James Gosling]
22:27:23.792 [main] WARN  org.hibernate.engine.jdbc.spi.SqlExceptionHelper - SQL Error: 0, SQLState: 23505
22:27:23.792 [main] ERROR org.hibernate.engine.jdbc.spi.SqlExceptionHelper - ERROR: duplicate key value violates unique constraint "uk6dotkott2kjsp8vw4d0m25fb7"
  Detail: Key (email)=(java@rules.com) already exists.
22:27:23.796 [main] DEBUG org.hibernate.SQL - 
    /* insert for
        com.github.BlackThornLabs.model.User */insert 
    into
        users (age, created_at, email, name) 
    values
        (?, ?, ?, ?)
22:27:23.796 [main] TRACE org.hibernate.orm.jdbc.bind - binding parameter (1:INTEGER) <- [20]
22:27:23.796 [main] TRACE org.hibernate.orm.jdbc.bind - binding parameter (2:TIMESTAMP) <- [2025-08-17T22:27:23.796779100]
22:27:23.797 [main] TRACE org.hibernate.orm.jdbc.bind - binding parameter (3:VARCHAR) <- [user1@example.com]
22:27:23.797 [main] TRACE org.hibernate.orm.jdbc.bind - binding parameter (4:VARCHAR) <- [User1]
22:27:23.798 [main] WARN  org.hibernate.engine.jdbc.spi.SqlExceptionHelper - SQL Error: 0, SQLState: 23505
22:27:23.798 [main] ERROR org.hibernate.engine.jdbc.spi.SqlExceptionHelper - ERROR: duplicate key value violates unique constraint "uk6dotkott2kjsp8vw4d0m25fb7"
  Detail: Key (email)=(user1@example.com) already exists.
22:27:23.802 [main] DEBUG org.hibernate.SQL - 
    /* insert for
        com.github.BlackThornLabs.model.User */insert 
    into
        users (age, created_at, email, name) 
    values
        (?, ?, ?, ?)
22:27:23.803 [main] TRACE org.hibernate.orm.jdbc.bind - binding parameter (1:INTEGER) <- [35]
22:27:23.803 [main] TRACE org.hibernate.orm.jdbc.bind - binding parameter (2:TIMESTAMP) <- [2025-08-17T22:27:23.802800800]
22:27:23.803 [main] TRACE org.hibernate.orm.jdbc.bind - binding parameter (3:VARCHAR) <- [ada@forever.com]
22:27:23.803 [main] TRACE org.hibernate.orm.jdbc.bind - binding parameter (4:VARCHAR) <- [Ada Lovelace]
22:27:23.845 [main] DEBUG org.hibernate.SQL - 
    select
        u1_0.id,
        u1_0.age,
        u1_0.created_at,
        u1_0.email,
        u1_0.name 
    from
        users u1_0 
    where
        u1_0.id=?
22:27:23.846 [main] TRACE org.hibernate.orm.jdbc.bind - binding parameter (1:BIGINT) <- [29]
22:27:23.861 [main] DEBUG org.hibernate.SQL - 
    /* delete for com.github.BlackThornLabs.model.User */delete 
    from
        users 
    where
        id=?
22:27:23.861 [main] TRACE org.hibernate.orm.jdbc.bind - binding parameter (1:BIGINT) <- [29]
22:27:23.863 [main] DEBUG org.hibernate.SQL - 
    select
        u1_0.id,
        u1_0.age,
        u1_0.created_at,
        u1_0.email,
        u1_0.name 
    from
        users u1_0 
    where
        u1_0.id=?
22:27:23.864 [main] TRACE org.hibernate.orm.jdbc.bind - binding parameter (1:BIGINT) <- [29]
22:38:06.522 [main] WARN  org.hibernate.orm.connections.pooling - HHH10001002: Using built-in connection pool (not intended for production use)
22:38:06.872 [main] WARN  org.hibernate.orm.deprecation - HHH90000025: PostgreSQLDialect does not need to be specified explicitly using 'hibernate.dialect' (remove the property setting and it will be selected by default)
22:38:06.902 [main] DEBUG org.hibernate.type.descriptor.sql.spi.DdlTypeRegistry - addDescriptor(2003, org.hibernate.type.descriptor.sql.internal.ArrayDdlTypeImpl@4fe01805) replaced previous registration(org.hibernate.type.descriptor.sql.internal.ArrayDdlTypeImpl@55120f99)
22:38:06.902 [main] DEBUG org.hibernate.type.descriptor.sql.spi.DdlTypeRegistry - addDescriptor(6, org.hibernate.type.descriptor.sql.internal.CapacityDependentDdlType@794b435f) replaced previous registration(org.hibernate.type.descriptor.sql.internal.DdlTypeImpl@38f2e97e)
22:38:07.966 [main] DEBUG org.hibernate.SQL - 
    /* insert for
        com.github.BlackThornLabs.model.User */insert 
    into
        users (age, created_at, email, name) 
    values
        (?, ?, ?, ?)
22:38:07.969 [main] TRACE org.hibernate.orm.jdbc.bind - binding parameter (1:INTEGER) <- [22]
22:38:07.969 [main] TRACE org.hibernate.orm.jdbc.bind - binding parameter (2:TIMESTAMP) <- [2025-08-17T22:38:05.716637500]
22:38:07.970 [main] TRACE org.hibernate.orm.jdbc.bind - binding parameter (3:VARCHAR) <- [some@products.com]
22:38:07.970 [main] TRACE org.hibernate.orm.jdbc.bind - binding parameter (4:VARCHAR) <- [Питер Раскин]
